Using pre-set license
Built from '2020.3/staging' branch; Version is '2020.3.10f1 (297d780c91bc) revision 2719096'; Using compiler version '192528614'; Build Type 'Release'
OS: 'Windows 10 Pro; OS build 19041.985; Version 2004; 64bit' Language: 'pl' Physical Memory: 16336 MB
BatchMode: 1, IsHumanControllingUs: 0, StartBugReporterOnCrash: 0, Is64bit: 1, IsPro: 0

 COMMAND LINE ARGUMENTS:
C:\Program Files\Unity\Hub\Editor\2020.3.10f1\Editor\Unity.exe
-adb2
-batchMode
-noUpm
-name
AssetImportWorker0
-projectPath
C:/Users/BeskidGeekJam/Documents/GeekJam2/Projekcik
-logFile
Logs/AssetImportWorker0.log
-srvPort
58409
Successfully changed project path to: C:/Users/BeskidGeekJam/Documents/GeekJam2/Projekcik
C:/Users/BeskidGeekJam/Documents/GeekJam2/Projekcik
Using Asset Import Pipeline V2.
Refreshing native plugins compatible for Editor in 55.11 ms, found 3 plugins.
Preloading 0 native plugins for Editor in 0.00 ms.
Initialize engine version: 2020.3.10f1 (297d780c91bc)
[Subsystems] Discovering subsystems at path C:/Program Files/Unity/Hub/Editor/2020.3.10f1/Editor/Data/Resources/UnitySubsystems
[Subsystems] Discovering subsystems at path C:/Users/BeskidGeekJam/Documents/GeekJam2/Projekcik/Assets
GfxDevice: creating device client; threaded=0
Direct3D:
    Version:  Direct3D 11.0 [level 11.1]
    Renderer: NVIDIA GeForce GTX 1050 (ID=0x1c81)
    Vendor:   
    VRAM:     1977 MB
    Driver:   27.21.14.6589
Initialize mono
Mono path[0] = 'C:/Program Files/Unity/Hub/Editor/2020.3.10f1/Editor/Data/Managed'
Mono path[1] = 'C:/Program Files/Unity/Hub/Editor/2020.3.10f1/Editor/Data/MonoBleedingEdge/lib/mono/unityjit'
Mono config path = 'C:/Program Files/Unity/Hub/Editor/2020.3.10f1/Editor/Data/MonoBleedingEdge/etc'
Using monoOptions --debugger-agent=transport=dt_socket,embedding=1,server=y,suspend=n,address=127.0.0.1:56224
Begin MonoManager ReloadAssembly
Registering precompiled unity dll's ...
Register platform support module: C:/Program Files/Unity/Hub/Editor/2020.3.10f1/Editor/Data/PlaybackEngines/WebGLSupport/UnityEditor.WebGL.Extensions.dll
Register platform support module: C:/Program Files/Unity/Hub/Editor/2020.3.10f1/Editor/Data/PlaybackEngines/WindowsStandaloneSupport/UnityEditor.WindowsStandalone.Extensions.dll
Registered in 0.002225 seconds.
Native extension for WindowsStandalone target not found
Native extension for WebGL target not found
Refreshing native plugins compatible for Editor in 46.45 ms, found 3 plugins.
Preloading 0 native plugins for Editor in 0.00 ms.
Mono: successfully reloaded assembly
- Completed reload, in  1.924 seconds
Platform modules already initialized, skipping
Registering precompiled user dll's ...
Registered in 0.004064 seconds.
Begin MonoManager ReloadAssembly
Symbol file data-000001EFF8C3B6F0 doesn't match image C:\Users\BeskidGeekJam\Documents\GeekJam2\Projekcik\Library\ScriptAssemblies\Unity.2D.Animation.Editor.dll
Symbol file LoadedFromMemory is not a mono symbol file
Symbol file data-000001EFF2AAF920 doesn't match image C:\Users\BeskidGeekJam\Documents\GeekJam2\Projekcik\Library\ScriptAssemblies\Unity.InternalAPIEngineBridge.001.dll
Symbol file LoadedFromMemory is not a mono symbol file
Symbol file data-000001EFF30A5690 doesn't match image C:\Users\BeskidGeekJam\Documents\GeekJam2\Projekcik\Library\ScriptAssemblies\Unity.VSCode.Editor.dll
Symbol file LoadedFromMemory is not a mono symbol file
Symbol file data-000001EFF2CDF5A0 doesn't match image C:\Users\BeskidGeekJam\Documents\GeekJam2\Projekcik\Library\ScriptAssemblies\Unity.2D.PixelPerfect.dll
Symbol file LoadedFromMemory is not a mono symbol file
Symbol file data-000001EFF362CDA0 doesn't match image C:\Users\BeskidGeekJam\Documents\GeekJam2\Projekcik\Library\ScriptAssemblies\PsdPlugin.dll
Symbol file LoadedFromMemory is not a mono symbol file
Symbol file data-000001EFF2C92020 doesn't match image C:\Users\BeskidGeekJam\Documents\GeekJam2\Projekcik\Library\ScriptAssemblies\Unity.TextMeshPro.Editor.dll
Symbol file LoadedFromMemory is not a mono symbol file
Symbol file data-000001EFF80CB660 doesn't match image C:\Users\BeskidGeekJam\Documents\GeekJam2\Projekcik\Library\ScriptAssemblies\Unity.VisualStudio.Editor.dll
Symbol file LoadedFromMemory is not a mono symbol file
Symbol file data-000001EFF36CF030 doesn't match image C:\Users\BeskidGeekJam\Documents\GeekJam2\Projekcik\Library\ScriptAssemblies\UnityEngine.TestRunner.dll
Symbol file LoadedFromMemory is not a mono symbol file
Symbol file data-000001EFF36CF030 doesn't match image C:\Users\BeskidGeekJam\Documents\GeekJam2\Projekcik\Library\ScriptAssemblies\Unity.Timeline.dll
Symbol file LoadedFromMemory is not a mono symbol file
Symbol file data-000001EFF8EA4020 doesn't match image C:\Users\BeskidGeekJam\Documents\GeekJam2\Projekcik\Library\ScriptAssemblies\Unity.TextMeshPro.dll
Symbol file LoadedFromMemory is not a mono symbol file
Symbol file data-000001EFF2CA5630 doesn't match image C:\Users\BeskidGeekJam\Documents\GeekJam2\Projekcik\Library\ScriptAssemblies\UnityEditor.TestRunner.dll
Symbol file LoadedFromMemory is not a mono symbol file
Symbol file data-000001EFF30A5690 doesn't match image C:\Users\BeskidGeekJam\Documents\GeekJam2\Projekcik\Library\ScriptAssemblies\Unity.2D.IK.Editor.dll
Symbol file LoadedFromMemory is not a mono symbol file
Symbol file data-000001EFF2F2F010 doesn't match image C:\Users\BeskidGeekJam\Documents\GeekJam2\Projekcik\Library\ScriptAssemblies\Unity.2D.Psdimporter.Editor.dll
Symbol file LoadedFromMemory is not a mono symbol file
Symbol file data-000001EFF362CDA0 doesn't match image C:\Users\BeskidGeekJam\Documents\GeekJam2\Projekcik\Library\ScriptAssemblies\Unity.2D.Path.Editor.dll
Symbol file LoadedFromMemory is not a mono symbol file
Symbol file data-000001EFF333D3A0 doesn't match image C:\Users\BeskidGeekJam\Documents\GeekJam2\Projekcik\Library\ScriptAssemblies\Unity.InternalAPIEditorBridge.001.dll
Symbol file LoadedFromMemory is not a mono symbol file
Symbol file data-000001EFF3717030 doesn't match image C:\Users\BeskidGeekJam\Documents\GeekJam2\Projekcik\Library\ScriptAssemblies\Unity.PlasticSCM.Editor.dll
Symbol file LoadedFromMemory is not a mono symbol file
Symbol file data-000001EFF8C69100 doesn't match image C:\Users\BeskidGeekJam\Documents\GeekJam2\Projekcik\Library\ScriptAssemblies\Unity.Rider.Editor.dll
Symbol file LoadedFromMemory is not a mono symbol file
Symbol file data-000001EFF7432010 doesn't match image C:\Users\BeskidGeekJam\Documents\GeekJam2\Projekcik\Library\ScriptAssemblies\Unity.Mathematics.dll
Symbol file LoadedFromMemory is not a mono symbol file
Symbol file data-000001EFF30A5690 doesn't match image C:\Users\BeskidGeekJam\Documents\GeekJam2\Projekcik\Library\ScriptAssemblies\Unity.2D.IK.Runtime.dll
Symbol file LoadedFromMemory is not a mono symbol file
Symbol file data-000001EFF80FC920 doesn't match image C:\Users\BeskidGeekJam\Documents\GeekJam2\Projekcik\Library\ScriptAssemblies\Unity.2D.Animation.Triangle.Runtime.dll
Symbol file LoadedFromMemory is not a mono symbol file
Symbol file data-000001EFF331D630 doesn't match image C:\Users\BeskidGeekJam\Documents\GeekJam2\Projekcik\Library\ScriptAssemblies\Unity.2D.Animation.Runtime.dll
Symbol file LoadedFromMemory is not a mono symbol file
Symbol file data-000001EFF8867660 doesn't match image C:\Users\BeskidGeekJam\Documents\GeekJam2\Projekcik\Library\ScriptAssemblies\Unity.2D.PixelPerfect.Editor.dll
Symbol file LoadedFromMemory is not a mono symbol file
Symbol file data-000001EFF76D1020 doesn't match image C:\Users\BeskidGeekJam\Documents\GeekJam2\Projekcik\Library\ScriptAssemblies\Unity.Timeline.Editor.dll
Symbol file LoadedFromMemory is not a mono symbol file
Symbol file data-000001EFF36CF030 doesn't match image C:\Users\BeskidGeekJam\Documents\GeekJam2\Projekcik\Library\ScriptAssemblies\Unity.CollabProxy.Editor.dll
Symbol file LoadedFromMemory is not a mono symbol file
Symbol file data-000001EFF2CDF5A0 doesn't match image C:\Users\BeskidGeekJam\Documents\GeekJam2\Projekcik\Library\ScriptAssemblies\Unity.Mathematics.Editor.dll
Symbol file LoadedFromMemory is not a mono symbol file
Symbol file data-000001EFF3320E40 doesn't match image C:\Users\BeskidGeekJam\Documents\GeekJam2\Projekcik\Library\ScriptAssemblies\Unity.2D.Common.Runtime.dll
Symbol file LoadedFromMemory is not a mono symbol file
Symbol file data-000001EFF36CF030 doesn't match image C:\Users\BeskidGeekJam\Documents\GeekJam2\Projekcik\Library\ScriptAssemblies\Unity.2D.SpriteShape.Editor.dll
Symbol file LoadedFromMemory is not a mono symbol file
Symbol file data-000001EFF2CB5640 doesn't match image C:\Users\BeskidGeekJam\Documents\GeekJam2\Projekcik\Library\ScriptAssemblies\Unity.2D.Common.Editor.dll
Symbol file LoadedFromMemory is not a mono symbol file
Symbol file data-000001EFF2FAC470 doesn't match image C:\Users\BeskidGeekJam\Documents\GeekJam2\Projekcik\Library\ScriptAssemblies\Unity.2D.SpriteShape.Runtime.dll
Symbol file LoadedFromMemory is not a mono symbol file
Native extension for WindowsStandalone target not found
Native extension for WebGL target not found
Refreshing native plugins compatible for Editor in 47.00 ms, found 3 plugins.
Preloading 0 native plugins for Editor in 0.00 ms.
Mono: successfully reloaded assembly
- Completed reload, in  1.172 seconds
Platform modules already initialized, skipping
========================================================================
Worker process is ready to serve import requests
Launched and connected shader compiler UnityShaderCompiler.exe after 0.04 seconds
Refreshing native plugins compatible for Editor in 0.46 ms, found 3 plugins.
Preloading 0 native plugins for Editor in 0.00 ms.
Unloading 2089 Unused Serialized files (Serialized files now loaded: 0)
System memory in use before: 93.2 MB.
System memory in use after: 93.1 MB.

Unloading 33 unused Assets to reduce memory usage. Loaded Objects now: 2523.
Total: 2.262200 ms (FindLiveObjects: 0.188100 ms CreateObjectMapping: 0.084700 ms MarkObjects: 1.833900 ms  DeleteObjects: 0.154600 ms)

========================================================================
Received Import Request.
  path: Assets/_Scenes/Test.unity
  artifactKey: Guid(c4d4bddad8e10b2448c2bc9d74082e4c) Importer(815301076,1909f56bfc062723c751e8b465ee728b)
Start importing Assets/_Scenes/Test.unity using Guid(c4d4bddad8e10b2448c2bc9d74082e4c) Importer(815301076,1909f56bfc062723c751e8b465ee728b)  -> (artifact id: 'dd1bec944d3c7c3a26086a17ca64b47e') in 0.012172 seconds
  Import took 0.015319 seconds .

========================================================================
Received Prepare
Refreshing native plugins compatible for Editor in 3.55 ms, found 3 plugins.
Preloading 0 native plugins for Editor in 0.00 ms.
Unloading 19 Unused Serialized files (Serialized files now loaded: 0)
System memory in use before: 52.1 MB.
System memory in use after: 52.1 MB.

Unloading 19 unused Assets to reduce memory usage. Loaded Objects now: 2523.
Total: 2.632200 ms (FindLiveObjects: 0.168100 ms CreateObjectMapping: 0.077600 ms MarkObjects: 2.248900 ms  DeleteObjects: 0.136800 ms)

========================================================================
Received Prepare
Registering precompiled user dll's ...
Registered in 0.004159 seconds.
Begin MonoManager ReloadAssembly
Symbol file data-000001EFF36AD010 doesn't match image C:\Users\BeskidGeekJam\Documents\GeekJam2\Projekcik\Library\ScriptAssemblies\Unity.2D.Animation.Editor.dll
Symbol file LoadedFromMemory is not a mono symbol file
Symbol file data-000001EFFB929B40 doesn't match image C:\Users\BeskidGeekJam\Documents\GeekJam2\Projekcik\Library\ScriptAssemblies\Unity.InternalAPIEngineBridge.001.dll
Symbol file LoadedFromMemory is not a mono symbol file
Symbol file data-000001EFF8120840 doesn't match image C:\Users\BeskidGeekJam\Documents\GeekJam2\Projekcik\Library\ScriptAssemblies\Unity.VSCode.Editor.dll
Symbol file LoadedFromMemory is not a mono symbol file
Symbol file data-000001EFFAC31020 doesn't match image C:\Users\BeskidGeekJam\Documents\GeekJam2\Projekcik\Library\ScriptAssemblies\Unity.2D.PixelPerfect.dll
Symbol file LoadedFromMemory is not a mono symbol file
Symbol file data-000001EFF2CF2010 doesn't match image C:\Users\BeskidGeekJam\Documents\GeekJam2\Projekcik\Library\ScriptAssemblies\PsdPlugin.dll
Symbol file LoadedFromMemory is not a mono symbol file
Symbol file data-000001EFF3648010 doesn't match image C:\Users\BeskidGeekJam\Documents\GeekJam2\Projekcik\Library\ScriptAssemblies\Unity.TextMeshPro.Editor.dll
Symbol file LoadedFromMemory is not a mono symbol file
Symbol file data-000001EFF2F2F010 doesn't match image C:\Users\BeskidGeekJam\Documents\GeekJam2\Projekcik\Library\ScriptAssemblies\Unity.VisualStudio.Editor.dll
Symbol file LoadedFromMemory is not a mono symbol file
Symbol file data-000001EFF7A559F0 doesn't match image C:\Users\BeskidGeekJam\Documents\GeekJam2\Projekcik\Library\ScriptAssemblies\UnityEngine.TestRunner.dll
Symbol file LoadedFromMemory is not a mono symbol file
Symbol file data-000001EFF3648010 doesn't match image C:\Users\BeskidGeekJam\Documents\GeekJam2\Projekcik\Library\ScriptAssemblies\Unity.Timeline.dll
Symbol file LoadedFromMemory is not a mono symbol file
Symbol file data-000001EFF8EA4020 doesn't match image C:\Users\BeskidGeekJam\Documents\GeekJam2\Projekcik\Library\ScriptAssemblies\Unity.TextMeshPro.dll
Symbol file LoadedFromMemory is not a mono symbol file
Symbol file data-000001EFF87B0080 doesn't match image C:\Users\BeskidGeekJam\Documents\GeekJam2\Projekcik\Library\ScriptAssemblies\UnityEditor.TestRunner.dll
Symbol file LoadedFromMemory is not a mono symbol file
Symbol file data-000001EFF333AFD0 doesn't match image C:\Users\BeskidGeekJam\Documents\GeekJam2\Projekcik\Library\ScriptAssemblies\Unity.2D.IK.Editor.dll
Symbol file LoadedFromMemory is not a mono symbol file
Symbol file data-000001EFF2FC2880 doesn't match image C:\Users\BeskidGeekJam\Documents\GeekJam2\Projekcik\Library\ScriptAssemblies\Unity.2D.Psdimporter.Editor.dll
Symbol file LoadedFromMemory is not a mono symbol file
Symbol file data-000001EFF89B5010 doesn't match image C:\Users\BeskidGeekJam\Documents\GeekJam2\Projekcik\Library\ScriptAssemblies\Unity.2D.Path.Editor.dll
Symbol file LoadedFromMemory is not a mono symbol file
Symbol file data-000001EFF3412690 doesn't match image C:\Users\BeskidGeekJam\Documents\GeekJam2\Projekcik\Library\ScriptAssemblies\Unity.InternalAPIEditorBridge.001.dll
Symbol file LoadedFromMemory is not a mono symbol file
Symbol file data-000001EFF37B3840 doesn't match image C:\Users\BeskidGeekJam\Documents\GeekJam2\Projekcik\Library\ScriptAssemblies\Unity.PlasticSCM.Editor.dll
Symbol file LoadedFromMemory is not a mono symbol file
Symbol file data-000001EFF754D020 doesn't match image C:\Users\BeskidGeekJam\Documents\GeekJam2\Projekcik\Library\ScriptAssemblies\Unity.Rider.Editor.dll
Symbol file LoadedFromMemory is not a mono symbol file
Symbol file data-000001EFF7432010 doesn't match image C:\Users\BeskidGeekJam\Documents\GeekJam2\Projekcik\Library\ScriptAssemblies\Unity.Mathematics.dll
Symbol file LoadedFromMemory is not a mono symbol file
Symbol file data-000001EFF8120840 doesn't match image C:\Users\BeskidGeekJam\Documents\GeekJam2\Projekcik\Library\ScriptAssemblies\Unity.2D.IK.Runtime.dll
Symbol file LoadedFromMemory is not a mono symbol file
Symbol file data-000001EFF36EF010 doesn't match image C:\Users\BeskidGeekJam\Documents\GeekJam2\Projekcik\Library\ScriptAssemblies\Unity.2D.Animation.Triangle.Runtime.dll
Symbol file LoadedFromMemory is not a mono symbol file
Symbol file data-000001EFF331D630 doesn't match image C:\Users\BeskidGeekJam\Documents\GeekJam2\Projekcik\Library\ScriptAssemblies\Unity.2D.Animation.Runtime.dll
Symbol file LoadedFromMemory is not a mono symbol file
Symbol file data-000001EFF3040AC0 doesn't match image C:\Users\BeskidGeekJam\Documents\GeekJam2\Projekcik\Library\ScriptAssemblies\Unity.2D.PixelPerfect.Editor.dll
Symbol file LoadedFromMemory is not a mono symbol file
Symbol file data-000001EFF31E9F20 doesn't match image C:\Users\BeskidGeekJam\Documents\GeekJam2\Projekcik\Library\ScriptAssemblies\Unity.Timeline.Editor.dll
Symbol file LoadedFromMemory is not a mono symbol file
Symbol file data-000001EFFBA98840 doesn't match image C:\Users\BeskidGeekJam\Documents\GeekJam2\Projekcik\Library\ScriptAssemblies\Unity.CollabProxy.Editor.dll
Symbol file LoadedFromMemory is not a mono symbol file
Symbol file data-000001EFFAC31020 doesn't match image C:\Users\BeskidGeekJam\Documents\GeekJam2\Projekcik\Library\ScriptAssemblies\Unity.Mathematics.Editor.dll
Symbol file LoadedFromMemory is not a mono symbol file
Symbol file data-000001EFFC12E090 doesn't match image C:\Users\BeskidGeekJam\Documents\GeekJam2\Projekcik\Library\ScriptAssemblies\Unity.2D.Common.Runtime.dll
Symbol file LoadedFromMemory is not a mono symbol file
Symbol file data-000001EFF88F5370 doesn't match image C:\Users\BeskidGeekJam\Documents\GeekJam2\Projekcik\Library\ScriptAssemblies\Unity.2D.SpriteShape.Editor.dll
Symbol file LoadedFromMemory is not a mono symbol file
Symbol file data-000001EFF8365020 doesn't match image C:\Users\BeskidGeekJam\Documents\GeekJam2\Projekcik\Library\ScriptAssemblies\Unity.2D.Common.Editor.dll
Symbol file LoadedFromMemory is not a mono symbol file
Symbol file data-000001EFFB490010 doesn't match image C:\Users\BeskidGeekJam\Documents\GeekJam2\Projekcik\Library\ScriptAssemblies\Unity.2D.SpriteShape.Runtime.dll
Symbol file LoadedFromMemory is not a mono symbol file
Native extension for WindowsStandalone target not found
Native extension for WebGL target not found
Refreshing native plugins compatible for Editor in 0.46 ms, found 3 plugins.
Preloading 0 native plugins for Editor in 0.00 ms.
Mono: successfully reloaded assembly
- Completed reload, in  1.050 seconds
Platform modules already initialized, skipping
Refreshing native plugins compatible for Editor in 0.53 ms, found 3 plugins.
Preloading 0 native plugins for Editor in 0.00 ms.
Unloading 2084 Unused Serialized files (Serialized files now loaded: 0)
System memory in use before: 93.1 MB.
System memory in use after: 93.1 MB.

Unloading 21 unused Assets to reduce memory usage. Loaded Objects now: 2527.
Total: 2.424600 ms (FindLiveObjects: 0.290900 ms CreateObjectMapping: 0.085700 ms MarkObjects: 1.916500 ms  DeleteObjects: 0.130500 ms)

========================================================================
Received Prepare
Registering precompiled user dll's ...
Registered in 0.003605 seconds.
Begin MonoManager ReloadAssembly
Symbol file data-000001EFF36AD010 doesn't match image C:\Users\BeskidGeekJam\Documents\GeekJam2\Projekcik\Library\ScriptAssemblies\Unity.2D.Animation.Editor.dll
Symbol file LoadedFromMemory is not a mono symbol file
Symbol file data-000001EFFB92A620 doesn't match image C:\Users\BeskidGeekJam\Documents\GeekJam2\Projekcik\Library\ScriptAssemblies\Unity.InternalAPIEngineBridge.001.dll
Symbol file LoadedFromMemory is not a mono symbol file
Symbol file data-000001EFFBECF770 doesn't match image C:\Users\BeskidGeekJam\Documents\GeekJam2\Projekcik\Library\ScriptAssemblies\Unity.VSCode.Editor.dll
Symbol file LoadedFromMemory is not a mono symbol file
Symbol file data-000001EFF94FC030 doesn't match image C:\Users\BeskidGeekJam\Documents\GeekJam2\Projekcik\Library\ScriptAssemblies\Unity.2D.PixelPerfect.dll
Symbol file LoadedFromMemory is not a mono symbol file
Symbol file data-000001EFF3052430 doesn't match image C:\Users\BeskidGeekJam\Documents\GeekJam2\Projekcik\Library\ScriptAssemblies\PsdPlugin.dll
Symbol file LoadedFromMemory is not a mono symbol file
Symbol file data-000001EFFBABDE70 doesn't match image C:\Users\BeskidGeekJam\Documents\GeekJam2\Projekcik\Library\ScriptAssemblies\Unity.TextMeshPro.Editor.dll
Symbol file LoadedFromMemory is not a mono symbol file
Symbol file data-000001EFFB77B030 doesn't match image C:\Users\BeskidGeekJam\Documents\GeekJam2\Projekcik\Library\ScriptAssemblies\Unity.VisualStudio.Editor.dll
Symbol file LoadedFromMemory is not a mono symbol file
Symbol file data-000001EFFB490010 doesn't match image C:\Users\BeskidGeekJam\Documents\GeekJam2\Projekcik\Library\ScriptAssemblies\UnityEngine.TestRunner.dll
Symbol file LoadedFromMemory is not a mono symbol file
Symbol file data-000001EFFBABDE70 doesn't match image C:\Users\BeskidGeekJam\Documents\GeekJam2\Projekcik\Library\ScriptAssemblies\Unity.Timeline.dll
Symbol file LoadedFromMemory is not a mono symbol file
Symbol file data-000001EFF8EA4020 doesn't match image C:\Users\BeskidGeekJam\Documents\GeekJam2\Projekcik\Library\ScriptAssemblies\Unity.TextMeshPro.dll
Symbol file LoadedFromMemory is not a mono symbol file
Symbol file data-000001EFF87B0080 doesn't match image C:\Users\BeskidGeekJam\Documents\GeekJam2\Projekcik\Library\ScriptAssemblies\UnityEditor.TestRunner.dll
Symbol file LoadedFromMemory is not a mono symbol file
Symbol file data-000001EFFBECF770 doesn't match image C:\Users\BeskidGeekJam\Documents\GeekJam2\Projekcik\Library\ScriptAssemblies\Unity.2D.IK.Editor.dll
Symbol file LoadedFromMemory is not a mono symbol file
Symbol file data-000001EFFC52A050 doesn't match image C:\Users\BeskidGeekJam\Documents\GeekJam2\Projekcik\Library\ScriptAssemblies\Unity.2D.Psdimporter.Editor.dll
Symbol file LoadedFromMemory is not a mono symbol file
Symbol file data-000001EFFC52A050 doesn't match image C:\Users\BeskidGeekJam\Documents\GeekJam2\Projekcik\Library\ScriptAssemblies\Unity.2D.Path.Editor.dll
Symbol file LoadedFromMemory is not a mono symbol file
Symbol file data-000001EFF8822910 doesn't match image C:\Users\BeskidGeekJam\Documents\GeekJam2\Projekcik\Library\ScriptAssemblies\Unity.InternalAPIEditorBridge.001.dll
Symbol file LoadedFromMemory is not a mono symbol file
Symbol file data-000001EFFB0D9050 doesn't match image C:\Users\BeskidGeekJam\Documents\GeekJam2\Projekcik\Library\ScriptAssemblies\Unity.PlasticSCM.Editor.dll
Symbol file LoadedFromMemory is not a mono symbol file
Symbol file data-000001EFFAEEA020 doesn't match image C:\Users\BeskidGeekJam\Documents\GeekJam2\Projekcik\Library\ScriptAssemblies\Unity.Rider.Editor.dll
Symbol file LoadedFromMemory is not a mono symbol file
Symbol file data-000001EFF7432010 doesn't match image C:\Users\BeskidGeekJam\Documents\GeekJam2\Projekcik\Library\ScriptAssemblies\Unity.Mathematics.dll
Symbol file LoadedFromMemory is not a mono symbol file
Symbol file data-000001EFFBECF770 doesn't match image C:\Users\BeskidGeekJam\Documents\GeekJam2\Projekcik\Library\ScriptAssemblies\Unity.2D.IK.Runtime.dll
Symbol file LoadedFromMemory is not a mono symbol file
Symbol file data-000001EFF2E21010 doesn't match image C:\Users\BeskidGeekJam\Documents\GeekJam2\Projekcik\Library\ScriptAssemblies\Unity.2D.Animation.Triangle.Runtime.dll
Symbol file LoadedFromMemory is not a mono symbol file
Symbol file data-000001EFF331D630 doesn't match image C:\Users\BeskidGeekJam\Documents\GeekJam2\Projekcik\Library\ScriptAssemblies\Unity.2D.Animation.Runtime.dll
Symbol file LoadedFromMemory is not a mono symbol file
Symbol file data-000001EFFAEEEA30 doesn't match image C:\Users\BeskidGeekJam\Documents\GeekJam2\Projekcik\Library\ScriptAssemblies\Unity.2D.PixelPerfect.Editor.dll
Symbol file LoadedFromMemory is not a mono symbol file
Symbol file data-000001EFF31E9F20 doesn't match image C:\Users\BeskidGeekJam\Documents\GeekJam2\Projekcik\Library\ScriptAssemblies\Unity.Timeline.Editor.dll
Symbol file LoadedFromMemory is not a mono symbol file
Symbol file data-000001EFFB490010 doesn't match image C:\Users\BeskidGeekJam\Documents\GeekJam2\Projekcik\Library\ScriptAssemblies\Unity.CollabProxy.Editor.dll
Symbol file LoadedFromMemory is not a mono symbol file
Symbol file data-000001EFF94FC030 doesn't match image C:\Users\BeskidGeekJam\Documents\GeekJam2\Projekcik\Library\ScriptAssemblies\Unity.Mathematics.Editor.dll
Symbol file LoadedFromMemory is not a mono symbol file
Symbol file data-000001EFFAA1C3F0 doesn't match image C:\Users\BeskidGeekJam\Documents\GeekJam2\Projekcik\Library\ScriptAssemblies\Unity.2D.Common.Runtime.dll
Symbol file LoadedFromMemory is not a mono symbol file
Symbol file data-000001EFFC52A050 doesn't match image C:\Users\BeskidGeekJam\Documents\GeekJam2\Projekcik\Library\ScriptAssemblies\Unity.2D.SpriteShape.Editor.dll
Symbol file LoadedFromMemory is not a mono symbol file
Symbol file data-000001EFF8365020 doesn't match image C:\Users\BeskidGeekJam\Documents\GeekJam2\Projekcik\Library\ScriptAssemblies\Unity.2D.Common.Editor.dll
Symbol file LoadedFromMemory is not a mono symbol file
Symbol file data-000001EFFB490010 doesn't match image C:\Users\BeskidGeekJam\Documents\GeekJam2\Projekcik\Library\ScriptAssemblies\Unity.2D.SpriteShape.Runtime.dll
Symbol file LoadedFromMemory is not a mono symbol file
Native extension for WindowsStandalone target not found
Native extension for WebGL target not found
Refreshing native plugins compatible for Editor in 0.51 ms, found 3 plugins.
Preloading 0 native plugins for Editor in 0.00 ms.
Mono: successfully reloaded assembly
- Completed reload, in  1.064 seconds
Platform modules already initialized, skipping
Refreshing native plugins compatible for Editor in 0.49 ms, found 3 plugins.
Preloading 0 native plugins for Editor in 0.00 ms.
Unloading 2084 Unused Serialized files (Serialized files now loaded: 0)
System memory in use before: 93.2 MB.
System memory in use after: 93.1 MB.

Unloading 21 unused Assets to reduce memory usage. Loaded Objects now: 2531.
Total: 2.473900 ms (FindLiveObjects: 0.222600 ms CreateObjectMapping: 0.091100 ms MarkObjects: 2.023000 ms  DeleteObjects: 0.136000 ms)

========================================================================
Received Prepare
Registering precompiled user dll's ...
Registered in 0.003782 seconds.
Begin MonoManager ReloadAssembly
Symbol file data-000001EFF36AD010 doesn't match image C:\Users\BeskidGeekJam\Documents\GeekJam2\Projekcik\Library\ScriptAssemblies\Unity.2D.Animation.Editor.dll
Symbol file LoadedFromMemory is not a mono symbol file
Symbol file data-000001EFFB92A620 doesn't match image C:\Users\BeskidGeekJam\Documents\GeekJam2\Projekcik\Library\ScriptAssemblies\Unity.InternalAPIEngineBridge.001.dll
Symbol file LoadedFromMemory is not a mono symbol file
Symbol file data-000001EFFABAF0A0 doesn't match image C:\Users\BeskidGeekJam\Documents\GeekJam2\Projekcik\Library\ScriptAssemblies\Unity.VSCode.Editor.dll
Symbol file LoadedFromMemory is not a mono symbol file
Symbol file data-000001EFFA9B1010 doesn't match image C:\Users\BeskidGeekJam\Documents\GeekJam2\Projekcik\Library\ScriptAssemblies\Unity.2D.PixelPerfect.dll
Symbol file LoadedFromMemory is not a mono symbol file
Symbol file data-000001EFF37D5C70 doesn't match image C:\Users\BeskidGeekJam\Documents\GeekJam2\Projekcik\Library\ScriptAssemblies\PsdPlugin.dll
Symbol file LoadedFromMemory is not a mono symbol file
Symbol file data-000001F01CBE0020 doesn't match image C:\Users\BeskidGeekJam\Documents\GeekJam2\Projekcik\Library\ScriptAssemblies\Unity.TextMeshPro.Editor.dll
Symbol file LoadedFromMemory is not a mono symbol file
Symbol file data-000001EFFB77B030 doesn't match image C:\Users\BeskidGeekJam\Documents\GeekJam2\Projekcik\Library\ScriptAssemblies\Unity.VisualStudio.Editor.dll
Symbol file LoadedFromMemory is not a mono symbol file
Symbol file data-000001EFFB41C040 doesn't match image C:\Users\BeskidGeekJam\Documents\GeekJam2\Projekcik\Library\ScriptAssemblies\UnityEngine.TestRunner.dll
Symbol file LoadedFromMemory is not a mono symbol file
Symbol file data-000001EFFAD6D030 doesn't match image C:\Users\BeskidGeekJam\Documents\GeekJam2\Projekcik\Library\ScriptAssemblies\Unity.Timeline.dll
Symbol file LoadedFromMemory is not a mono symbol file
Symbol file data-000001EFF8EA4020 doesn't match image C:\Users\BeskidGeekJam\Documents\GeekJam2\Projekcik\Library\ScriptAssemblies\Unity.TextMeshPro.dll
Symbol file LoadedFromMemory is not a mono symbol file
Symbol file data-000001EFF87B0080 doesn't match image C:\Users\BeskidGeekJam\Documents\GeekJam2\Projekcik\Library\ScriptAssemblies\UnityEditor.TestRunner.dll
Symbol file LoadedFromMemory is not a mono symbol file
Symbol file data-000001EFFBECF770 doesn't match image C:\Users\BeskidGeekJam\Documents\GeekJam2\Projekcik\Library\ScriptAssemblies\Unity.2D.IK.Editor.dll
Symbol file LoadedFromMemory is not a mono symbol file
Symbol file data-000001EFF9608EF0 doesn't match image C:\Users\BeskidGeekJam\Documents\GeekJam2\Projekcik\Library\ScriptAssemblies\Unity.2D.Psdimporter.Editor.dll
Symbol file LoadedFromMemory is not a mono symbol file
Symbol file data-000001EFF89B5010 doesn't match image C:\Users\BeskidGeekJam\Documents\GeekJam2\Projekcik\Library\ScriptAssemblies\Unity.2D.Path.Editor.dll
Symbol file LoadedFromMemory is not a mono symbol file
Symbol file data-000001EFFAA267F0 doesn't match image C:\Users\BeskidGeekJam\Documents\GeekJam2\Projekcik\Library\ScriptAssemblies\Unity.InternalAPIEditorBridge.001.dll
Symbol file LoadedFromMemory is not a mono symbol file
Symbol file data-000001EFFB0D9050 doesn't match image C:\Users\BeskidGeekJam\Documents\GeekJam2\Projekcik\Library\ScriptAssemblies\Unity.PlasticSCM.Editor.dll
Symbol file LoadedFromMemory is not a mono symbol file
Symbol file data-000001EFF2FB4480 doesn't match image C:\Users\BeskidGeekJam\Documents\GeekJam2\Projekcik\Library\ScriptAssemblies\Unity.Rider.Editor.dll
Symbol file LoadedFromMemory is not a mono symbol file
Symbol file data-000001EFF7432010 doesn't match image C:\Users\BeskidGeekJam\Documents\GeekJam2\Projekcik\Library\ScriptAssemblies\Unity.Mathematics.dll
Symbol file LoadedFromMemory is not a mono symbol file
Symbol file data-000001EFFBECF770 doesn't match image C:\Users\BeskidGeekJam\Documents\GeekJam2\Projekcik\Library\ScriptAssemblies\Unity.2D.IK.Runtime.dll
Symbol file LoadedFromMemory is not a mono symbol file
Symbol file data-000001EFFAED3010 doesn't match image C:\Users\BeskidGeekJam\Documents\GeekJam2\Projekcik\Library\ScriptAssemblies\Unity.2D.Animation.Triangle.Runtime.dll
Symbol file LoadedFromMemory is not a mono symbol file
Symbol file data-000001EE6B7C6630 doesn't match image C:\Users\BeskidGeekJam\Documents\GeekJam2\Projekcik\Library\ScriptAssemblies\Unity.2D.Animation.Runtime.dll
Symbol file LoadedFromMemory is not a mono symbol file
Symbol file data-000001EFF3040AC0 doesn't match image C:\Users\BeskidGeekJam\Documents\GeekJam2\Projekcik\Library\ScriptAssemblies\Unity.2D.PixelPerfect.Editor.dll
Symbol file LoadedFromMemory is not a mono symbol file
Symbol file data-000001EFFB781D30 doesn't match image C:\Users\BeskidGeekJam\Documents\GeekJam2\Projekcik\Library\ScriptAssemblies\Unity.Timeline.Editor.dll
Symbol file LoadedFromMemory is not a mono symbol file
Symbol file data-000001EFFB41C040 doesn't match image C:\Users\BeskidGeekJam\Documents\GeekJam2\Projekcik\Library\ScriptAssemblies\Unity.CollabProxy.Editor.dll
Symbol file LoadedFromMemory is not a mono symbol file
Symbol file data-000001EFFA9B1010 doesn't match image C:\Users\BeskidGeekJam\Documents\GeekJam2\Projekcik\Library\ScriptAssemblies\Unity.Mathematics.Editor.dll
Symbol file LoadedFromMemory is not a mono symbol file
Symbol file data-000001EFF83BD980 doesn't match image C:\Users\BeskidGeekJam\Documents\GeekJam2\Projekcik\Library\ScriptAssemblies\Unity.2D.Common.Runtime.dll
Symbol file LoadedFromMemory is not a mono symbol file
Symbol file data-000001EFF9608EF0 doesn't match image C:\Users\BeskidGeekJam\Documents\GeekJam2\Projekcik\Library\ScriptAssemblies\Unity.2D.SpriteShape.Editor.dll
Symbol file LoadedFromMemory is not a mono symbol file
Symbol file data-000001EFF8365020 doesn't match image C:\Users\BeskidGeekJam\Documents\GeekJam2\Projekcik\Library\ScriptAssemblies\Unity.2D.Common.Editor.dll
Symbol file LoadedFromMemory is not a mono symbol file
Symbol file data-000001EFFB490010 doesn't match image C:\Users\BeskidGeekJam\Documents\GeekJam2\Projekcik\Library\ScriptAssemblies\Unity.2D.SpriteShape.Runtime.dll
Symbol file LoadedFromMemory is not a mono symbol file
Native extension for WindowsStandalone target not found
Native extension for WebGL target not found
Refreshing native plugins compatible for Editor in 0.51 ms, found 3 plugins.
Preloading 0 native plugins for Editor in 0.00 ms.
Mono: successfully reloaded assembly
- Completed reload, in  1.072 seconds
Platform modules already initialized, skipping
Refreshing native plugins compatible for Editor in 0.49 ms, found 3 plugins.
Preloading 0 native plugins for Editor in 0.00 ms.
Unloading 2084 Unused Serialized files (Serialized files now loaded: 0)
System memory in use before: 93.2 MB.
System memory in use after: 93.1 MB.

Unloading 21 unused Assets to reduce memory usage. Loaded Objects now: 2535.
Total: 2.310100 ms (FindLiveObjects: 0.184800 ms CreateObjectMapping: 0.086800 ms MarkObjects: 1.900000 ms  DeleteObjects: 0.137200 ms)

========================================================================
Received Prepare
Registering precompiled user dll's ...
Registered in 0.003826 seconds.
Begin MonoManager ReloadAssembly
Symbol file data-000001EFF36AD010 doesn't match image C:\Users\BeskidGeekJam\Documents\GeekJam2\Projekcik\Library\ScriptAssemblies\Unity.2D.Animation.Editor.dll
Symbol file LoadedFromMemory is not a mono symbol file
Symbol file data-000001EFFB92A9C0 doesn't match image C:\Users\BeskidGeekJam\Documents\GeekJam2\Projekcik\Library\ScriptAssemblies\Unity.InternalAPIEngineBridge.001.dll
Symbol file LoadedFromMemory is not a mono symbol file
Symbol file data-000001EFFBCA68A0 doesn't match image C:\Users\BeskidGeekJam\Documents\GeekJam2\Projekcik\Library\ScriptAssemblies\Unity.VSCode.Editor.dll
Symbol file LoadedFromMemory is not a mono symbol file
Symbol file data-000001F01CF93D70 doesn't match image C:\Users\BeskidGeekJam\Documents\GeekJam2\Projekcik\Library\ScriptAssemblies\Unity.2D.PixelPerfect.dll
Symbol file LoadedFromMemory is not a mono symbol file
Symbol file data-000001EFF3052430 doesn't match image C:\Users\BeskidGeekJam\Documents\GeekJam2\Projekcik\Library\ScriptAssemblies\PsdPlugin.dll
Symbol file LoadedFromMemory is not a mono symbol file
Symbol file data-000001EFF9729030 doesn't match image C:\Users\BeskidGeekJam\Documents\GeekJam2\Projekcik\Library\ScriptAssemblies\Unity.TextMeshPro.Editor.dll
Symbol file LoadedFromMemory is not a mono symbol file
Symbol file data-000001EFFB77B030 doesn't match image C:\Users\BeskidGeekJam\Documents\GeekJam2\Projekcik\Library\ScriptAssemblies\Unity.VisualStudio.Editor.dll
Symbol file LoadedFromMemory is not a mono symbol file
Symbol file data-000001EFF80C2040 doesn't match image C:\Users\BeskidGeekJam\Documents\GeekJam2\Projekcik\Library\ScriptAssemblies\UnityEngine.TestRunner.dll
Symbol file LoadedFromMemory is not a mono symbol file
Symbol file data-000001EFF9729030 doesn't match image C:\Users\BeskidGeekJam\Documents\GeekJam2\Projekcik\Library\ScriptAssemblies\Unity.Timeline.dll
Symbol file LoadedFromMemory is not a mono symbol file
Symbol file data-000001EFF8EA4020 doesn't match image C:\Users\BeskidGeekJam\Documents\GeekJam2\Projekcik\Library\ScriptAssemblies\Unity.TextMeshPro.dll
Symbol file LoadedFromMemory is not a mono symbol file
Symbol file data-000001EFF87B0080 doesn't match image C:\Users\BeskidGeekJam\Documents\GeekJam2\Projekcik\Library\ScriptAssemblies\UnityEditor.TestRunner.dll
Symbol file LoadedFromMemory is not a mono symbol file
Symbol file data-000001EFF8365020 doesn't match image C:\Users\BeskidGeekJam\Documents\GeekJam2\Projekcik\Library\ScriptAssemblies\Unity.2D.IK.Editor.dll
Symbol file LoadedFromMemory is not a mono symbol file
Symbol file data-000001EFF9608EF0 doesn't match image C:\Users\BeskidGeekJam\Documents\GeekJam2\Projekcik\Library\ScriptAssemblies\Unity.2D.Psdimporter.Editor.dll
Symbol file LoadedFromMemory is not a mono symbol file
Symbol file data-000001EFFB1D93B0 doesn't match image C:\Users\BeskidGeekJam\Documents\GeekJam2\Projekcik\Library\ScriptAssemblies\Unity.2D.Path.Editor.dll
Symbol file LoadedFromMemory is not a mono symbol file
Symbol file data-000001EFFAA246C0 doesn't match image C:\Users\BeskidGeekJam\Documents\GeekJam2\Projekcik\Library\ScriptAssemblies\Unity.InternalAPIEditorBridge.001.dll
Symbol file LoadedFromMemory is not a mono symbol file
Symbol file data-000001EFF311F020 doesn't match image C:\Users\BeskidGeekJam\Documents\GeekJam2\Projekcik\Library\ScriptAssemblies\Unity.PlasticSCM.Editor.dll
Symbol file LoadedFromMemory is not a mono symbol file
Symbol file data-000001EFF35475B0 doesn't match image C:\Users\BeskidGeekJam\Documents\GeekJam2\Projekcik\Library\ScriptAssemblies\Unity.Rider.Editor.dll
Symbol file LoadedFromMemory is not a mono symbol file
Symbol file data-000001EFF7432010 doesn't match image C:\Users\BeskidGeekJam\Documents\GeekJam2\Projekcik\Library\ScriptAssemblies\Unity.Mathematics.dll
Symbol file LoadedFromMemory is not a mono symbol file
Symbol file data-000001EFF8365020 doesn't match image C:\Users\BeskidGeekJam\Documents\GeekJam2\Projekcik\Library\ScriptAssemblies\Unity.2D.IK.Runtime.dll
Symbol file LoadedFromMemory is not a mono symbol file
Symbol file data-000001EFF7C18040 doesn't match image C:\Users\BeskidGeekJam\Documents\GeekJam2\Projekcik\Library\ScriptAssemblies\Unity.2D.Animation.Triangle.Runtime.dll
Symbol file LoadedFromMemory is not a mono symbol file
Symbol file data-000001EFF9367030 doesn't match image C:\Users\BeskidGeekJam\Documents\GeekJam2\Projekcik\Library\ScriptAssemblies\Unity.2D.Animation.Runtime.dll
Symbol file LoadedFromMemory is not a mono symbol file
Symbol file data-000001EFFC67B700 doesn't match image C:\Users\BeskidGeekJam\Documents\GeekJam2\Projekcik\Library\ScriptAssemblies\Unity.2D.PixelPerfect.Editor.dll
Symbol file LoadedFromMemory is not a mono symbol file
Symbol file data-000001EFFAACEBE0 doesn't match image C:\Users\BeskidGeekJam\Documents\GeekJam2\Projekcik\Library\ScriptAssemblies\Unity.Timeline.Editor.dll
Symbol file LoadedFromMemory is not a mono symbol file
Symbol file data-000001EFFAD6D030 doesn't match image C:\Users\BeskidGeekJam\Documents\GeekJam2\Projekcik\Library\ScriptAssemblies\Unity.CollabProxy.Editor.dll
Symbol file LoadedFromMemory is not a mono symbol file
Symbol file data-000001EFFB733E60 doesn't match image C:\Users\BeskidGeekJam\Documents\GeekJam2\Projekcik\Library\ScriptAssemblies\Unity.Mathematics.Editor.dll
Symbol file LoadedFromMemory is not a mono symbol file
Symbol file data-000001EFF74B3B00 doesn't match image C:\Users\BeskidGeekJam\Documents\GeekJam2\Projekcik\Library\ScriptAssemblies\Unity.2D.Common.Runtime.dll
Symbol file LoadedFromMemory is not a mono symbol file
Symbol file data-000001EFF9608EF0 doesn't match image C:\Users\BeskidGeekJam\Documents\GeekJam2\Projekcik\Library\ScriptAssemblies\Unity.2D.SpriteShape.Editor.dll
Symbol file LoadedFromMemory is not a mono symbol file
Symbol file data-000001EFF8365020 doesn't match image C:\Users\BeskidGeekJam\Documents\GeekJam2\Projekcik\Library\ScriptAssemblies\Unity.2D.Common.Editor.dll
Symbol file LoadedFromMemory is not a mono symbol file
Symbol file data-000001EFFAD6D030 doesn't match image C:\Users\BeskidGeekJam\Documents\GeekJam2\Projekcik\Library\ScriptAssemblies\Unity.2D.SpriteShape.Runtime.dll
Symbol file LoadedFromMemory is not a mono symbol file
Native extension for WindowsStandalone target not found
Native extension for WebGL target not found
Refreshing native plugins compatible for Editor in 0.68 ms, found 3 plugins.
Preloading 0 native plugins for Editor in 0.00 ms.
Mono: successfully reloaded assembly
- Completed reload, in  1.014 seconds
Platform modules already initialized, skipping
Refreshing native plugins compatible for Editor in 0.48 ms, found 3 plugins.
Preloading 0 native plugins for Editor in 0.00 ms.
Unloading 2084 Unused Serialized files (Serialized files now loaded: 0)
System memory in use before: 93.2 MB.
System memory in use after: 93.2 MB.

Unloading 21 unused Assets to reduce memory usage. Loaded Objects now: 2539.
Total: 2.736200 ms (FindLiveObjects: 0.178400 ms CreateObjectMapping: 0.078900 ms MarkObjects: 2.338600 ms  DeleteObjects: 0.139100 ms)

AssetImportWorkerClient::OnTransportError - code=2 error=End of file
