Using pre-set license
Built from '2020.3/staging' branch; Version is '2020.3.10f1 (297d780c91bc) revision 2719096'; Using compiler version '192528614'; Build Type 'Release'
OS: 'Windows 10 Pro; OS build 19041.985; Version 2004; 64bit' Language: 'pl' Physical Memory: 16336 MB
BatchMode: 1, IsHumanControllingUs: 0, StartBugReporterOnCrash: 0, Is64bit: 1, IsPro: 0

 COMMAND LINE ARGUMENTS:
C:\Program Files\Unity\Hub\Editor\2020.3.10f1\Editor\Unity.exe
-adb2
-batchMode
-noUpm
-name
AssetImportWorker0
-projectPath
C:/Users/BeskidGeekJam/Documents/GeekJam2/Projekcik
-logFile
Logs/AssetImportWorker0.log
-srvPort
63822
Successfully changed project path to: C:/Users/BeskidGeekJam/Documents/GeekJam2/Projekcik
C:/Users/BeskidGeekJam/Documents/GeekJam2/Projekcik
Using Asset Import Pipeline V2.
Refreshing native plugins compatible for Editor in 46.47 ms, found 3 plugins.
Preloading 0 native plugins for Editor in 0.00 ms.
Initialize engine version: 2020.3.10f1 (297d780c91bc)
[Subsystems] Discovering subsystems at path C:/Program Files/Unity/Hub/Editor/2020.3.10f1/Editor/Data/Resources/UnitySubsystems
[Subsystems] Discovering subsystems at path C:/Users/BeskidGeekJam/Documents/GeekJam2/Projekcik/Assets
GfxDevice: creating device client; threaded=0
Direct3D:
    Version:  Direct3D 11.0 [level 11.1]
    Renderer: NVIDIA GeForce GTX 1050 (ID=0x1c81)
    Vendor:   
    VRAM:     1977 MB
    Driver:   27.21.14.6589
Initialize mono
Mono path[0] = 'C:/Program Files/Unity/Hub/Editor/2020.3.10f1/Editor/Data/Managed'
Mono path[1] = 'C:/Program Files/Unity/Hub/Editor/2020.3.10f1/Editor/Data/MonoBleedingEdge/lib/mono/unityjit'
Mono config path = 'C:/Program Files/Unity/Hub/Editor/2020.3.10f1/Editor/Data/MonoBleedingEdge/etc'
Using monoOptions --debugger-agent=transport=dt_socket,embedding=1,server=y,suspend=n,address=127.0.0.1:56888
Begin MonoManager ReloadAssembly
Registering precompiled unity dll's ...
Register platform support module: C:/Program Files/Unity/Hub/Editor/2020.3.10f1/Editor/Data/PlaybackEngines/WebGLSupport/UnityEditor.WebGL.Extensions.dll
Register platform support module: C:/Program Files/Unity/Hub/Editor/2020.3.10f1/Editor/Data/PlaybackEngines/WindowsStandaloneSupport/UnityEditor.WindowsStandalone.Extensions.dll
Registered in 0.002292 seconds.
Native extension for WindowsStandalone target not found
Native extension for WebGL target not found
Refreshing native plugins compatible for Editor in 47.80 ms, found 3 plugins.
Preloading 0 native plugins for Editor in 0.00 ms.
Mono: successfully reloaded assembly
- Completed reload, in  1.975 seconds
Platform modules already initialized, skipping
Registering precompiled user dll's ...
Registered in 0.003889 seconds.
Begin MonoManager ReloadAssembly
Symbol file data-000001F1F535C020 doesn't match image C:\Users\BeskidGeekJam\Documents\GeekJam2\Projekcik\Library\ScriptAssemblies\Unity.2D.Animation.Editor.dll
Symbol file LoadedFromMemory is not a mono symbol file
Symbol file data-000001F04ABF9100 doesn't match image C:\Users\BeskidGeekJam\Documents\GeekJam2\Projekcik\Library\ScriptAssemblies\Unity.InternalAPIEngineBridge.001.dll
Symbol file LoadedFromMemory is not a mono symbol file
Symbol file data-000001F1F49A0C50 doesn't match image C:\Users\BeskidGeekJam\Documents\GeekJam2\Projekcik\Library\ScriptAssemblies\Unity.VSCode.Editor.dll
Symbol file LoadedFromMemory is not a mono symbol file
Symbol file data-000001F1F4DB8290 doesn't match image C:\Users\BeskidGeekJam\Documents\GeekJam2\Projekcik\Library\ScriptAssemblies\Unity.2D.PixelPerfect.dll
Symbol file LoadedFromMemory is not a mono symbol file
Symbol file data-000001F1F4C99960 doesn't match image C:\Users\BeskidGeekJam\Documents\GeekJam2\Projekcik\Library\ScriptAssemblies\PsdPlugin.dll
Symbol file LoadedFromMemory is not a mono symbol file
Symbol file data-000001F1F532B670 doesn't match image C:\Users\BeskidGeekJam\Documents\GeekJam2\Projekcik\Library\ScriptAssemblies\Unity.TextMeshPro.Editor.dll
Symbol file LoadedFromMemory is not a mono symbol file
Symbol file data-000001F1F4BF5020 doesn't match image C:\Users\BeskidGeekJam\Documents\GeekJam2\Projekcik\Library\ScriptAssemblies\Unity.VisualStudio.Editor.dll
Symbol file LoadedFromMemory is not a mono symbol file
Symbol file data-000001F1F4F06250 doesn't match image C:\Users\BeskidGeekJam\Documents\GeekJam2\Projekcik\Library\ScriptAssemblies\UnityEngine.TestRunner.dll
Symbol file LoadedFromMemory is not a mono symbol file
Symbol file data-000001F1FAA13630 doesn't match image C:\Users\BeskidGeekJam\Documents\GeekJam2\Projekcik\Library\ScriptAssemblies\Unity.Timeline.dll
Symbol file LoadedFromMemory is not a mono symbol file
Symbol file data-000001F1F535C020 doesn't match image C:\Users\BeskidGeekJam\Documents\GeekJam2\Projekcik\Library\ScriptAssemblies\Unity.TextMeshPro.dll
Symbol file LoadedFromMemory is not a mono symbol file
Symbol file data-000001F1F540A010 doesn't match image C:\Users\BeskidGeekJam\Documents\GeekJam2\Projekcik\Library\ScriptAssemblies\UnityEditor.TestRunner.dll
Symbol file LoadedFromMemory is not a mono symbol file
Symbol file data-000001F1F5389A30 doesn't match image C:\Users\BeskidGeekJam\Documents\GeekJam2\Projekcik\Library\ScriptAssemblies\Unity.2D.IK.Editor.dll
Symbol file LoadedFromMemory is not a mono symbol file
Symbol file data-000001F1F9D95DA0 doesn't match image C:\Users\BeskidGeekJam\Documents\GeekJam2\Projekcik\Library\ScriptAssemblies\Unity.2D.Psdimporter.Editor.dll
Symbol file LoadedFromMemory is not a mono symbol file
Symbol file data-000001F1FAA97030 doesn't match image C:\Users\BeskidGeekJam\Documents\GeekJam2\Projekcik\Library\ScriptAssemblies\Unity.2D.Path.Editor.dll
Symbol file LoadedFromMemory is not a mono symbol file
Symbol file data-000001F1F4C55890 doesn't match image C:\Users\BeskidGeekJam\Documents\GeekJam2\Projekcik\Library\ScriptAssemblies\Unity.InternalAPIEditorBridge.001.dll
Symbol file LoadedFromMemory is not a mono symbol file
Symbol file data-000001F1F9BB2A30 doesn't match image C:\Users\BeskidGeekJam\Documents\GeekJam2\Projekcik\Library\ScriptAssemblies\Unity.PlasticSCM.Editor.dll
Symbol file LoadedFromMemory is not a mono symbol file
Symbol file data-000001F1FA9B5010 doesn't match image C:\Users\BeskidGeekJam\Documents\GeekJam2\Projekcik\Library\ScriptAssemblies\Unity.Rider.Editor.dll
Symbol file LoadedFromMemory is not a mono symbol file
Symbol file data-000001F1F4D331F0 doesn't match image C:\Users\BeskidGeekJam\Documents\GeekJam2\Projekcik\Library\ScriptAssemblies\Unity.Mathematics.dll
Symbol file LoadedFromMemory is not a mono symbol file
Symbol file data-000001F1F9C34010 doesn't match image C:\Users\BeskidGeekJam\Documents\GeekJam2\Projekcik\Library\ScriptAssemblies\Unity.2D.IK.Runtime.dll
Symbol file LoadedFromMemory is not a mono symbol file
Symbol file data-000001F1F9EC8620 doesn't match image C:\Users\BeskidGeekJam\Documents\GeekJam2\Projekcik\Library\ScriptAssemblies\Unity.2D.Animation.Triangle.Runtime.dll
Symbol file LoadedFromMemory is not a mono symbol file
Symbol file data-000001F1F4F99C30 doesn't match image C:\Users\BeskidGeekJam\Documents\GeekJam2\Projekcik\Library\ScriptAssemblies\Unity.2D.Animation.Runtime.dll
Symbol file LoadedFromMemory is not a mono symbol file
Symbol file data-000001F1F4CEE760 doesn't match image C:\Users\BeskidGeekJam\Documents\GeekJam2\Projekcik\Library\ScriptAssemblies\Unity.2D.PixelPerfect.Editor.dll
Symbol file LoadedFromMemory is not a mono symbol file
Symbol file data-000001F1F9A5E010 doesn't match image C:\Users\BeskidGeekJam\Documents\GeekJam2\Projekcik\Library\ScriptAssemblies\Unity.Timeline.Editor.dll
Symbol file LoadedFromMemory is not a mono symbol file
Symbol file data-000001F1F4F06250 doesn't match image C:\Users\BeskidGeekJam\Documents\GeekJam2\Projekcik\Library\ScriptAssemblies\Unity.CollabProxy.Editor.dll
Symbol file LoadedFromMemory is not a mono symbol file
Symbol file data-000001F1F4C7D8D0 doesn't match image C:\Users\BeskidGeekJam\Documents\GeekJam2\Projekcik\Library\ScriptAssemblies\Unity.Mathematics.Editor.dll
Symbol file LoadedFromMemory is not a mono symbol file
Symbol file data-000001F1FA5B6D20 doesn't match image C:\Users\BeskidGeekJam\Documents\GeekJam2\Projekcik\Library\ScriptAssemblies\Unity.2D.Common.Runtime.dll
Symbol file LoadedFromMemory is not a mono symbol file
Symbol file data-000001F1F4CE4030 doesn't match image C:\Users\BeskidGeekJam\Documents\GeekJam2\Projekcik\Library\ScriptAssemblies\Unity.2D.SpriteShape.Editor.dll
Symbol file LoadedFromMemory is not a mono symbol file
Symbol file data-000001F1F4F0DC60 doesn't match image C:\Users\BeskidGeekJam\Documents\GeekJam2\Projekcik\Library\ScriptAssemblies\Unity.2D.Common.Editor.dll
Symbol file LoadedFromMemory is not a mono symbol file
Symbol file data-000001F1F5471430 doesn't match image C:\Users\BeskidGeekJam\Documents\GeekJam2\Projekcik\Library\ScriptAssemblies\Unity.2D.SpriteShape.Runtime.dll
Symbol file LoadedFromMemory is not a mono symbol file
Native extension for WindowsStandalone target not found
Native extension for WebGL target not found
Refreshing native plugins compatible for Editor in 43.94 ms, found 3 plugins.
Preloading 0 native plugins for Editor in 0.00 ms.
Mono: successfully reloaded assembly
- Completed reload, in  1.203 seconds
Platform modules already initialized, skipping
========================================================================
Worker process is ready to serve import requests
Launched and connected shader compiler UnityShaderCompiler.exe after 0.05 seconds
Refreshing native plugins compatible for Editor in 0.44 ms, found 3 plugins.
Preloading 0 native plugins for Editor in 0.00 ms.
Unloading 2089 Unused Serialized files (Serialized files now loaded: 0)
System memory in use before: 93.1 MB.
System memory in use after: 93.1 MB.

Unloading 33 unused Assets to reduce memory usage. Loaded Objects now: 2523.
Total: 2.881800 ms (FindLiveObjects: 0.279400 ms CreateObjectMapping: 0.130300 ms MarkObjects: 2.318900 ms  DeleteObjects: 0.152100 ms)

========================================================================
Received Import Request.
  path: Assets/_Scenes/Game.unity
  artifactKey: Guid(485b7b807429b8244ba1708f61c6eb11) Importer(815301076,1909f56bfc062723c751e8b465ee728b)
Start importing Assets/_Scenes/Game.unity using Guid(485b7b807429b8244ba1708f61c6eb11) Importer(815301076,1909f56bfc062723c751e8b465ee728b)  -> (artifact id: '32c306969f4d318c683708b90b351899') in 0.013334 seconds
  Import took 0.016407 seconds .

========================================================================
Received Import Request.
  Time since last request: 0.000237 seconds.
  path: Assets/_Scenes/Menu.unity
  artifactKey: Guid(2cda990e2423bbf4892e6590ba056729) Importer(815301076,1909f56bfc062723c751e8b465ee728b)
Start importing Assets/_Scenes/Menu.unity using Guid(2cda990e2423bbf4892e6590ba056729) Importer(815301076,1909f56bfc062723c751e8b465ee728b)  -> (artifact id: 'fb2c235c070b5356103b2b6c8a303bcc') in 0.001874 seconds
  Import took 0.005538 seconds .

========================================================================
Received Import Request.
  Time since last request: 0.000212 seconds.
  path: Assets/_Scenes/Test.unity
  artifactKey: Guid(c4d4bddad8e10b2448c2bc9d74082e4c) Importer(815301076,1909f56bfc062723c751e8b465ee728b)
Start importing Assets/_Scenes/Test.unity using Guid(c4d4bddad8e10b2448c2bc9d74082e4c) Importer(815301076,1909f56bfc062723c751e8b465ee728b)  -> (artifact id: '8ba6e5292e7e96aa11f809decb8eed16') in 0.002892 seconds
  Import took 0.006687 seconds .

========================================================================
Received Import Request.
  Time since last request: 70.442409 seconds.
  path: Assets/_Scenes/Game2.unity
  artifactKey: Guid(485b7b807429b8244ba1708f61c6eb11) Importer(815301076,1909f56bfc062723c751e8b465ee728b)
Start importing Assets/_Scenes/Game2.unity using Guid(485b7b807429b8244ba1708f61c6eb11) Importer(815301076,1909f56bfc062723c751e8b465ee728b)  -> (artifact id: '06c34b70e164dfd06a296b8b64fadde8') in 0.002698 seconds
  Import took 0.006704 seconds .

========================================================================
Received Import Request.
  Time since last request: 0.802280 seconds.
  path: Assets/_Scenes/Game 1.unity
  artifactKey: Guid(5fa1faed6aa32e24e877b22a2fe7b001) Importer(815301076,1909f56bfc062723c751e8b465ee728b)
Start importing Assets/_Scenes/Game 1.unity using Guid(5fa1faed6aa32e24e877b22a2fe7b001) Importer(815301076,1909f56bfc062723c751e8b465ee728b)  -> (artifact id: '55e611a2025f733b9c56c88ea108833b') in 0.002475 seconds
  Import took 0.006119 seconds .

========================================================================
Received Import Request.
  Time since last request: 3.424785 seconds.
  path: Assets/_Scenes/Game.unity
  artifactKey: Guid(5fa1faed6aa32e24e877b22a2fe7b001) Importer(815301076,1909f56bfc062723c751e8b465ee728b)
Start importing Assets/_Scenes/Game.unity using Guid(5fa1faed6aa32e24e877b22a2fe7b001) Importer(815301076,1909f56bfc062723c751e8b465ee728b)  -> (artifact id: '097b2accb1ce573f6aad38153c9bc5ce') in 0.002407 seconds
  Import took 0.005755 seconds .

========================================================================
Received Import Request.
  Time since last request: 180.248522 seconds.
  path: Assets/Palletes/GroundPalette.prefab
  artifactKey: Guid(060771f6090c0494393f223e65286983) Importer(815301076,1909f56bfc062723c751e8b465ee728b)
Start importing Assets/Palletes/GroundPalette.prefab using Guid(060771f6090c0494393f223e65286983) Importer(815301076,1909f56bfc062723c751e8b465ee728b)  -> (artifact id: 'b6ea8d2cb52b69e6324005555a5518bb') in 0.030270 seconds
  Import took 0.034240 seconds .

========================================================================
Received Prepare
Registering precompiled user dll's ...
Registered in 0.004626 seconds.
Begin MonoManager ReloadAssembly
Symbol file data-000001F1F535C020 doesn't match image C:\Users\BeskidGeekJam\Documents\GeekJam2\Projekcik\Library\ScriptAssemblies\Unity.2D.Animation.Editor.dll
Symbol file LoadedFromMemory is not a mono symbol file
Symbol file data-000001F04ABF94A0 doesn't match image C:\Users\BeskidGeekJam\Documents\GeekJam2\Projekcik\Library\ScriptAssemblies\Unity.InternalAPIEngineBridge.001.dll
Symbol file LoadedFromMemory is not a mono symbol file
Symbol file data-000001F1F4CEC210 doesn't match image C:\Users\BeskidGeekJam\Documents\GeekJam2\Projekcik\Library\ScriptAssemblies\Unity.VSCode.Editor.dll
Symbol file LoadedFromMemory is not a mono symbol file
Symbol file data-000001F1FA8B1A40 doesn't match image C:\Users\BeskidGeekJam\Documents\GeekJam2\Projekcik\Library\ScriptAssemblies\Unity.2D.PixelPerfect.dll
Symbol file LoadedFromMemory is not a mono symbol file
Symbol file data-000001F1F5251010 doesn't match image C:\Users\BeskidGeekJam\Documents\GeekJam2\Projekcik\Library\ScriptAssemblies\PsdPlugin.dll
Symbol file LoadedFromMemory is not a mono symbol file
Symbol file data-000001F1FA026020 doesn't match image C:\Users\BeskidGeekJam\Documents\GeekJam2\Projekcik\Library\ScriptAssemblies\Unity.TextMeshPro.Editor.dll
Symbol file LoadedFromMemory is not a mono symbol file
Symbol file data-000001F1F9D95DA0 doesn't match image C:\Users\BeskidGeekJam\Documents\GeekJam2\Projekcik\Library\ScriptAssemblies\Unity.VisualStudio.Editor.dll
Symbol file LoadedFromMemory is not a mono symbol file
Symbol file data-000001F1F4FE7FA0 doesn't match image C:\Users\BeskidGeekJam\Documents\GeekJam2\Projekcik\Library\ScriptAssemblies\UnityEngine.TestRunner.dll
Symbol file LoadedFromMemory is not a mono symbol file
Symbol file data-000001F1FA026020 doesn't match image C:\Users\BeskidGeekJam\Documents\GeekJam2\Projekcik\Library\ScriptAssemblies\Unity.Timeline.dll
Symbol file LoadedFromMemory is not a mono symbol file
Symbol file data-000001F1F540A010 doesn't match image C:\Users\BeskidGeekJam\Documents\GeekJam2\Projekcik\Library\ScriptAssemblies\Unity.TextMeshPro.dll
Symbol file LoadedFromMemory is not a mono symbol file
Symbol file data-000001F1F4CA5C90 doesn't match image C:\Users\BeskidGeekJam\Documents\GeekJam2\Projekcik\Library\ScriptAssemblies\UnityEditor.TestRunner.dll
Symbol file LoadedFromMemory is not a mono symbol file
Symbol file data-000001F1FD216E40 doesn't match image C:\Users\BeskidGeekJam\Documents\GeekJam2\Projekcik\Library\ScriptAssemblies\Unity.2D.IK.Editor.dll
Symbol file LoadedFromMemory is not a mono symbol file
Symbol file data-000001F1F9362220 doesn't match image C:\Users\BeskidGeekJam\Documents\GeekJam2\Projekcik\Library\ScriptAssemblies\Unity.2D.Psdimporter.Editor.dll
Symbol file LoadedFromMemory is not a mono symbol file
Symbol file data-000001F1F4C738B0 doesn't match image C:\Users\BeskidGeekJam\Documents\GeekJam2\Projekcik\Library\ScriptAssemblies\Unity.2D.Path.Editor.dll
Symbol file LoadedFromMemory is not a mono symbol file
Symbol file data-000001F1F4C79180 doesn't match image C:\Users\BeskidGeekJam\Documents\GeekJam2\Projekcik\Library\ScriptAssemblies\Unity.InternalAPIEditorBridge.001.dll
Symbol file LoadedFromMemory is not a mono symbol file
Symbol file data-000001F1FAA00020 doesn't match image C:\Users\BeskidGeekJam\Documents\GeekJam2\Projekcik\Library\ScriptAssemblies\Unity.PlasticSCM.Editor.dll
Symbol file LoadedFromMemory is not a mono symbol file
Symbol file data-000001F1F4D9F670 doesn't match image C:\Users\BeskidGeekJam\Documents\GeekJam2\Projekcik\Library\ScriptAssemblies\Unity.Rider.Editor.dll
Symbol file LoadedFromMemory is not a mono symbol file
Symbol file data-000001F1F4B66E50 doesn't match image C:\Users\BeskidGeekJam\Documents\GeekJam2\Projekcik\Library\ScriptAssemblies\Unity.Mathematics.dll
Symbol file LoadedFromMemory is not a mono symbol file
Symbol file data-000001F1F4CEC210 doesn't match image C:\Users\BeskidGeekJam\Documents\GeekJam2\Projekcik\Library\ScriptAssemblies\Unity.2D.IK.Runtime.dll
Symbol file LoadedFromMemory is not a mono symbol file
Symbol file data-000001F1F4C86750 doesn't match image C:\Users\BeskidGeekJam\Documents\GeekJam2\Projekcik\Library\ScriptAssemblies\Unity.2D.Animation.Triangle.Runtime.dll
Symbol file LoadedFromMemory is not a mono symbol file
Symbol file data-000001F1F4F99C30 doesn't match image C:\Users\BeskidGeekJam\Documents\GeekJam2\Projekcik\Library\ScriptAssemblies\Unity.2D.Animation.Runtime.dll
Symbol file LoadedFromMemory is not a mono symbol file
Symbol file data-000001F1F4B10700 doesn't match image C:\Users\BeskidGeekJam\Documents\GeekJam2\Projekcik\Library\ScriptAssemblies\Unity.2D.PixelPerfect.Editor.dll
Symbol file LoadedFromMemory is not a mono symbol file
Symbol file data-000001F1F4ECF040 doesn't match image C:\Users\BeskidGeekJam\Documents\GeekJam2\Projekcik\Library\ScriptAssemblies\Unity.Timeline.Editor.dll
Symbol file LoadedFromMemory is not a mono symbol file
Symbol file data-000001F1F4FE7FA0 doesn't match image C:\Users\BeskidGeekJam\Documents\GeekJam2\Projekcik\Library\ScriptAssemblies\Unity.CollabProxy.Editor.dll
Symbol file LoadedFromMemory is not a mono symbol file
Symbol file data-000001F1F547C5C0 doesn't match image C:\Users\BeskidGeekJam\Documents\GeekJam2\Projekcik\Library\ScriptAssemblies\Unity.Mathematics.Editor.dll
Symbol file LoadedFromMemory is not a mono symbol file
Symbol file data-000001F1FA5B67B0 doesn't match image C:\Users\BeskidGeekJam\Documents\GeekJam2\Projekcik\Library\ScriptAssemblies\Unity.2D.Common.Runtime.dll
Symbol file LoadedFromMemory is not a mono symbol file
Symbol file data-000001F1FB4F0640 doesn't match image C:\Users\BeskidGeekJam\Documents\GeekJam2\Projekcik\Library\ScriptAssemblies\Unity.2D.SpriteShape.Editor.dll
Symbol file LoadedFromMemory is not a mono symbol file
Symbol file data-000001F1F5049900 doesn't match image C:\Users\BeskidGeekJam\Documents\GeekJam2\Projekcik\Library\ScriptAssemblies\Unity.2D.Common.Editor.dll
Symbol file LoadedFromMemory is not a mono symbol file
Symbol file data-000001F1FD287030 doesn't match image C:\Users\BeskidGeekJam\Documents\GeekJam2\Projekcik\Library\ScriptAssemblies\Unity.2D.SpriteShape.Runtime.dll
Symbol file LoadedFromMemory is not a mono symbol file
Native extension for WindowsStandalone target not found
Native extension for WebGL target not found
Refreshing native plugins compatible for Editor in 0.48 ms, found 3 plugins.
Preloading 0 native plugins for Editor in 0.00 ms.
Mono: successfully reloaded assembly
- Completed reload, in  1.122 seconds
Platform modules already initialized, skipping
Refreshing native plugins compatible for Editor in 0.46 ms, found 3 plugins.
Preloading 0 native plugins for Editor in 0.00 ms.
Unloading 2084 Unused Serialized files (Serialized files now loaded: 0)
System memory in use before: 93.3 MB.
System memory in use after: 93.2 MB.

Unloading 21 unused Assets to reduce memory usage. Loaded Objects now: 2527.
Total: 2.525300 ms (FindLiveObjects: 0.183400 ms CreateObjectMapping: 0.098400 ms MarkObjects: 2.110800 ms  DeleteObjects: 0.131700 ms)

========================================================================
Received Import Request.
  Time since last request: 514.526380 seconds.
  path: Assets/Images/med.png
  artifactKey: Guid(6afc0c8f8a705cc479d22e766e68503d) Importer(815301076,1909f56bfc062723c751e8b465ee728b)
Start importing Assets/Images/med.png using Guid(6afc0c8f8a705cc479d22e766e68503d) Importer(815301076,1909f56bfc062723c751e8b465ee728b)  -> (artifact id: '0fa3bad2b49be5e3a6c936030ef15dc8') in 0.141510 seconds
  Import took 0.147385 seconds .

========================================================================
Received Import Request.
  Time since last request: 43.212255 seconds.
  path: Assets/Blueprints/drzewol.prefab
  artifactKey: Guid(47403a0333ed68842a7d87984255b91c) Importer(815301076,1909f56bfc062723c751e8b465ee728b)
Start importing Assets/Blueprints/drzewol.prefab using Guid(47403a0333ed68842a7d87984255b91c) Importer(815301076,1909f56bfc062723c751e8b465ee728b)  -> (artifact id: '98f530ce55c635c9ee4a591551b9f736') in 0.033791 seconds
  Import took 0.037188 seconds .

========================================================================
Received Import Request.
  Time since last request: 0.038858 seconds.
  path: Assets/Blueprints/drzewol.prefab
  artifactKey: Guid(47403a0333ed68842a7d87984255b91c) Importer(815301076,1909f56bfc062723c751e8b465ee728b)
Start importing Assets/Blueprints/drzewol.prefab using Guid(47403a0333ed68842a7d87984255b91c) Importer(815301076,1909f56bfc062723c751e8b465ee728b)  -> (artifact id: '98f530ce55c635c9ee4a591551b9f736') in 0.009108 seconds
  Import took 0.013487 seconds .

========================================================================
Received Import Request.
  Time since last request: 55.962740 seconds.
  path: Assets/Blueprints/Drzewo_3.prefab
  artifactKey: Guid(2b3b35099ca27124ba7ed5e183abdbb4) Importer(815301076,1909f56bfc062723c751e8b465ee728b)
Start importing Assets/Blueprints/Drzewo_3.prefab using Guid(2b3b35099ca27124ba7ed5e183abdbb4) Importer(815301076,1909f56bfc062723c751e8b465ee728b)  -> (artifact id: '3e248a2f96263bcd31b39460767cda7f') in 0.009619 seconds
  Import took 0.013704 seconds .

========================================================================
Received Import Request.
  Time since last request: 0.050204 seconds.
  path: Assets/Blueprints/Drzewo_3.prefab
  artifactKey: Guid(2b3b35099ca27124ba7ed5e183abdbb4) Importer(815301076,1909f56bfc062723c751e8b465ee728b)
Start importing Assets/Blueprints/Drzewo_3.prefab using Guid(2b3b35099ca27124ba7ed5e183abdbb4) Importer(815301076,1909f56bfc062723c751e8b465ee728b)  -> (artifact id: '3e248a2f96263bcd31b39460767cda7f') in 0.009008 seconds
  Import took 0.014535 seconds .

========================================================================
Received Import Request.
  Time since last request: 42.783534 seconds.
  path: Assets/Blueprints/Drzewo_2.prefab
  artifactKey: Guid(69f7c2103b37b314781b2a4d5605e75d) Importer(815301076,1909f56bfc062723c751e8b465ee728b)
Start importing Assets/Blueprints/Drzewo_2.prefab using Guid(69f7c2103b37b314781b2a4d5605e75d) Importer(815301076,1909f56bfc062723c751e8b465ee728b)  -> (artifact id: '1cc43fa981c75fd88feca7cd4d0b3cf0') in 0.009244 seconds
  Import took 0.013990 seconds .

========================================================================
Received Import Request.
  Time since last request: 0.050768 seconds.
  path: Assets/Blueprints/Drzewo_2.prefab
  artifactKey: Guid(69f7c2103b37b314781b2a4d5605e75d) Importer(815301076,1909f56bfc062723c751e8b465ee728b)
Start importing Assets/Blueprints/Drzewo_2.prefab using Guid(69f7c2103b37b314781b2a4d5605e75d) Importer(815301076,1909f56bfc062723c751e8b465ee728b)  -> (artifact id: '1cc43fa981c75fd88feca7cd4d0b3cf0') in 0.008775 seconds
  Import took 0.014233 seconds .

========================================================================
Received Import Request.
  Time since last request: 49.243887 seconds.
  path: Assets/Blueprints/Car.prefab
  artifactKey: Guid(6a4dd3460faddc7439ba54c554631ee7) Importer(815301076,1909f56bfc062723c751e8b465ee728b)
Start importing Assets/Blueprints/Car.prefab using Guid(6a4dd3460faddc7439ba54c554631ee7) Importer(815301076,1909f56bfc062723c751e8b465ee728b)  -> (artifact id: 'd32e4503320a4d56f348556b7e6c5df5') in 0.011809 seconds
  Import took 0.015511 seconds .

========================================================================
Received Import Request.
  Time since last request: 60.442749 seconds.
  path: Assets/Blueprints/Car.prefab
  artifactKey: Guid(6a4dd3460faddc7439ba54c554631ee7) Importer(815301076,1909f56bfc062723c751e8b465ee728b)
Start importing Assets/Blueprints/Car.prefab using Guid(6a4dd3460faddc7439ba54c554631ee7) Importer(815301076,1909f56bfc062723c751e8b465ee728b)  -> (artifact id: '78210c7a36c131158ad4f60fc9fe73d7') in 0.009680 seconds
  Import took 0.014651 seconds .

AssetImportWorkerClient::OnTransportError - code=2 error=End of file
